<?xml version="1.0" encoding="UTF-8"?>
<!-- Generated by org.testng.reporters.JUnitReportReporter -->
<testsuite skipped="0" hostname="Asmas-MacBook-Pro.local" name="skyware_test.tests.SkywareTests" tests="1" failures="0" timestamp="16 Mar 2018 18:06:14 GMT" time="6.843" errors="0">
  <testcase name="test" time="6.843" classname="skyware_test.tests.SkywareTests"/>
</testsuite> <!-- skyware_test.tests.SkywareTests -->
