<?xml version="1.0" encoding="UTF-8"?>
<!-- Generated by org.testng.reporters.JUnitReportReporter -->
<testsuite skipped="0" hostname="Ilyas-MacBook-Pro.local" name="skyware_test.tests.SkywareTests" tests="1" failures="0" timestamp="14 Mar 2018 21:25:16 GMT" time="1.179" errors="0">
  <testcase name="test" time="1.179" classname="skyware_test.tests.SkywareTests"/>
</testsuite> <!-- skyware_test.tests.SkywareTests -->
