<?xml version="1.0" encoding="UTF-8"?>
<!-- Generated by org.testng.reporters.JUnitReportReporter -->
<testsuite skipped="0" hostname="Ilyas-MacBook-Pro.local" name="skyware_test.tests.SkywareTests" tests="1" failures="0" timestamp="16 Mar 2018 18:45:37 GMT" time="11.972" errors="0">
  <testcase name="TC_01" time="11.972" classname="skyware_test.tests.SkywareTests"/>
</testsuite> <!-- skyware_test.tests.SkywareTests -->
